生成启动时间为 2021/3/30 18:04:56。
     1>项目“C:\Users\Administrator\Desktop\c++\homework\SeqList\SeqList\SeqList.vcxproj”在节点 2 上(Build 个目标)。
     1>ClCompile:
         D:\visual studio\VC\bin\CL.exe /c /ZI /nologo /W3 /WX- /sdl /Od /Oy- /D _MBCS /Gm /EHsc /RTC1 /MDd /GS /fp:precise /Zc:wchar_t /Zc:forScope /Fo"Debug\\" /Fd"Debug\vc120.pdb" /Gd /TC /analyze- /errorReport:prompt SeqListf.c test.c
         test.c
         SeqListf.c
     1>c:\users\administrator\desktop\c++\homework\seqlist\seqlist\seqlistf.c(32): warning C4133: “=”: 从“SeqList *”到“SLDateType *”的类型不兼容
     1>c:\users\administrator\desktop\c++\homework\seqlist\seqlist\seqlistf.c(51): warning C4018: “<”: 有符号/无符号不匹配
     1>c:\users\administrator\desktop\c++\homework\seqlist\seqlist\seqlistf.c(75): warning C4018: “<”: 有符号/无符号不匹配
     1>c:\users\administrator\desktop\c++\homework\seqlist\seqlist\seqlistf.c(93): warning C4018: “<”: 有符号/无符号不匹配
     1>c:\users\administrator\desktop\c++\homework\seqlist\seqlist\seqlistf.c(108): warning C4018: “>=”: 有符号/无符号不匹配
     1>c:\users\administrator\desktop\c++\homework\seqlist\seqlist\seqlistf.c(120): warning C4018: “<”: 有符号/无符号不匹配
         正在生成代码...
     1>c:\users\administrator\desktop\c++\homework\seqlist\seqlist\seqlistf.c(101): warning C4715: “SeqListFind”: 不是所有的控件路径都返回值
       Link:
         D:\visual studio\VC\bin\link.exe /ERRORREPORT:PROMPT /OUT:"C:\Users\Administrator\Desktop\c++\homework\SeqList\Debug\SeqList.exe" /INCREMENTAL /NOLOGO kernel32.lib user32.lib gdi32.lib winspool.lib comdlg32.lib advapi32.lib shell32.lib ole32.lib oleaut32.lib uuid.lib odbc32.lib odbccp32.lib /MANIFEST /MANIFESTUAC:"level='asInvoker' uiAccess='false'" /manifest:embed /DEBUG /PDB:"C:\Users\Administrator\Desktop\c++\homework\SeqList\Debug\SeqList.pdb" /TLBID:1 /DYNAMICBASE /NXCOMPAT /IMPLIB:"C:\Users\Administrator\Desktop\c++\homework\SeqList\Debug\SeqList.lib" /MACHINE:X86 Debug\SeqListf.obj
         Debug\test.obj
         SeqList.vcxproj -> C:\Users\Administrator\Desktop\c++\homework\SeqList\Debug\SeqList.exe
     1>已完成生成项目“C:\Users\Administrator\Desktop\c++\homework\SeqList\SeqList\SeqList.vcxproj”(Build 个目标)的操作。

生成成功。

已用时间 00:00:00.49
